This is pdfTeX, Version 3.1415926-1.40.10 (MiKTeX 2.8) (preloaded format=pdflatex 2014.1.20)  27 JAN 2014 23:07
entering extended mode
**hw1.tex
("C:\ProgramData\Homework\CPSC 525\Homework 1\report\hw1.tex"
LaTeX2e <2009/09/24>
Babel <v3.8l> and hyphenation patterns for english, dumylang, nohyphenation, ge
rman, ngerman, german-x-2009-06-19, ngerman-x-2009-06-19, french, loaded.
("C:\Program Files (x86)\MiKTeX 2.8\tex\latex\base\article.cls"
Document Class: article 2007/10/19 v1.4h Standard LaTeX document class
("C:\Program Files (x86)\MiKTeX 2.8\tex\latex\base\size12.clo"
File: size12.clo 2007/10/19 v1.4h Standard LaTeX file (size option)
)
\c@part=\count79
\c@section=\count80
\c@subsection=\count81
\c@subsubsection=\count82
\c@paragraph=\count83
\c@subparagraph=\count84
\c@figure=\count85
\c@table=\count86
\abovecaptionskip=\skip41
\belowcaptionskip=\skip42
\bibindent=\dimen102
)
("C:\Program Files (x86)\MiKTeX 2.8\tex\latex\ams\classes\amsthm.sty"
Package: amsthm 2004/08/06 v2.20
\thm@style=\toks14
\thm@bodyfont=\toks15
\thm@headfont=\toks16
\thm@notefont=\toks17
\thm@headpunct=\toks18
\thm@preskip=\skip43
\thm@postskip=\skip44
\thm@headsep=\skip45
\dth@everypar=\toks19
)
("C:\Program Files (x86)\MiKTeX 2.8\tex\latex\amsfonts\amssymb.sty"
Package: amssymb 2009/06/22 v3.00

("C:\Program Files (x86)\MiKTeX 2.8\tex\latex\amsfonts\amsfonts.sty"
Package: amsfonts 2009/06/22 v3.00 Basic AMSFonts support
\@emptytoks=\toks20
\symAMSa=\mathgroup4
\symAMSb=\mathgroup5
LaTeX Font Info:    Overwriting math alphabet `\mathfrak' in version `bold'
(Font)                  U/euf/m/n --> U/euf/b/n on input line 96.
))
("C:\Program Files (x86)\MiKTeX 2.8\tex\latex\ams\math\amsmath.sty"
Package: amsmath 2000/07/18 v2.13 AMS math features
\@mathmargin=\skip46

For additional information on amsmath, use the `?' option.
("C:\Program Files (x86)\MiKTeX 2.8\tex\latex\ams\math\amstext.sty"
Package: amstext 2000/06/29 v2.01

("C:\Program Files (x86)\MiKTeX 2.8\tex\latex\ams\math\amsgen.sty"
File: amsgen.sty 1999/11/30 v2.0
\@emptytoks=\toks21
\ex@=\dimen103
))
("C:\Program Files (x86)\MiKTeX 2.8\tex\latex\ams\math\amsbsy.sty"
Package: amsbsy 1999/11/29 v1.2d
\pmbraise@=\dimen104
)
("C:\Program Files (x86)\MiKTeX 2.8\tex\latex\ams\math\amsopn.sty"
Package: amsopn 1999/12/14 v2.01 operator names
)
\inf@bad=\count87
LaTeX Info: Redefining \frac on input line 211.
\uproot@=\count88
\leftroot@=\count89
LaTeX Info: Redefining \overline on input line 307.
\classnum@=\count90
\DOTSCASE@=\count91
LaTeX Info: Redefining \ldots on input line 379.
LaTeX Info: Redefining \dots on input line 382.
LaTeX Info: Redefining \cdots on input line 467.
\Mathstrutbox@=\box26
\strutbox@=\box27
\big@size=\dimen105
LaTeX Font Info:    Redeclaring font encoding OML on input line 567.
LaTeX Font Info:    Redeclaring font encoding OMS on input line 568.
\macc@depth=\count92
\c@MaxMatrixCols=\count93
\dotsspace@=\muskip10
\c@parentequation=\count94
\dspbrk@lvl=\count95
\tag@help=\toks22
\row@=\count96
\column@=\count97
\maxfields@=\count98
\andhelp@=\toks23
\eqnshift@=\dimen106
\alignsep@=\dimen107
\tagshift@=\dimen108
\tagwidth@=\dimen109
\totwidth@=\dimen110
\lineht@=\dimen111
\@envbody=\toks24
\multlinegap=\skip47
\multlinetaggap=\skip48
\mathdisplay@stack=\toks25
LaTeX Info: Redefining \[ on input line 2666.
LaTeX Info: Redefining \] on input line 2667.
)
("C:\Program Files (x86)\MiKTeX 2.8\tex\latex\geometry\geometry.sty"
Package: geometry 2008/12/21 v4.2 Page Geometry

("C:\Program Files (x86)\MiKTeX 2.8\tex\latex\graphics\keyval.sty"
Package: keyval 1999/03/16 v1.13 key=value parser (DPC)
\KV@toks@=\toks26
)
("C:\Program Files (x86)\MiKTeX 2.8\tex\generic\oberdiek\ifpdf.sty"
Package: ifpdf 2010/01/28 v2.1 Provides the ifpdf switch (HO)
Package ifpdf Info: pdfTeX in pdf mode detected.
)
("C:\Program Files (x86)\MiKTeX 2.8\tex\generic\oberdiek\ifvtex.sty"
Package: ifvtex 2008/11/04 v1.4 Switches for detecting VTeX and its modes (HO)
Package ifvtex Info: VTeX not detected.
)
\Gm@cnth=\count99
\Gm@cntv=\count100
\c@Gm@tempcnt=\count101
\Gm@bindingoffset=\dimen112
\Gm@wd@mp=\dimen113
\Gm@odd@mp=\dimen114
\Gm@even@mp=\dimen115
\Gm@dimlist=\toks27

("C:\Program Files (x86)\MiKTeX 2.8\tex\latex\geometry\geometry.cfg"))
("C:\Program Files (x86)\MiKTeX 2.8\tex\latex\graphics\graphicx.sty"
Package: graphicx 1999/02/16 v1.0f Enhanced LaTeX Graphics (DPC,SPQR)

("C:\Program Files (x86)\MiKTeX 2.8\tex\latex\graphics\graphics.sty"
Package: graphics 2009/02/05 v1.0o Standard LaTeX Graphics (DPC,SPQR)

("C:\Program Files (x86)\MiKTeX 2.8\tex\latex\graphics\trig.sty"
Package: trig 1999/03/16 v1.09 sin cos tan (DPC)
)
("C:\Program Files (x86)\MiKTeX 2.8\tex\latex\00miktex\graphics.cfg"
File: graphics.cfg 2007/01/18 v1.5 graphics configuration of teTeX/TeXLive
)
Package graphics Info: Driver file: pdftex.def on input line 91.

("C:\Program Files (x86)\MiKTeX 2.8\tex\latex\pdftex-def\pdftex.def"
File: pdftex.def 2009/08/25 v0.04m Graphics/color for pdfTeX
\Gread@gobject=\count102
))
\Gin@req@height=\dimen116
\Gin@req@width=\dimen117
)
("C:\Program Files (x86)\MiKTeX 2.8\tex\latex\tools\array.sty"
Package: array 2008/09/09 v2.4c Tabular extension package (FMi)
\col@sep=\dimen118
\extrarowheight=\dimen119
\NC@list=\toks28
\extratabsurround=\skip49
\backup@length=\skip50
)
("C:\Program Files (x86)\MiKTeX 2.8\tex\latex\caption\caption.sty"
Package: caption 2010/01/09 v3.1m Customizing captions (AR)

("C:\Program Files (x86)\MiKTeX 2.8\tex\latex\caption\caption3.sty"
Package: caption3 2010/01/14 v3.1m caption3 kernel (AR)
\captionmargin=\dimen120
\captionmargin@=\dimen121
\captionwidth=\dimen122
\caption@indent=\dimen123
\caption@parindent=\dimen124
\caption@hangindent=\dimen125
)
\c@ContinuedFloat=\count103
)
("C:\Program Files (x86)\MiKTeX 2.8\tex\latex\caption\subcaption.sty"
Package: subcaption 2008/08/31 v1.0b Adding subcaptions (AR)
\c@subfigure=\count104
\c@subtable=\count105
)
("C:\Program Files (x86)\MiKTeX 2.8\tex\latex\hyperref\hyperref.sty"
Package: hyperref 2010/02/08 v6.80e Hypertext links for LaTeX

("C:\Program Files (x86)\MiKTeX 2.8\tex\generic\oberdiek\kvsetkeys.sty"
Package: kvsetkeys 2010/01/28 v1.8 Key value parser (HO)

("C:\Program Files (x86)\MiKTeX 2.8\tex\generic\oberdiek\infwarerr.sty"
Package: infwarerr 2007/09/09 v1.2 Providing info/warning/message (HO)
)
("C:\Program Files (x86)\MiKTeX 2.8\tex\generic\oberdiek\etexcmds.sty"
Package: etexcmds 2010/01/28 v1.3 Prefix for e-TeX command names (HO)
Package etexcmds Info: Could not find \expanded.
(etexcmds)             That can mean that you are not using pdfTeX 1.50 or
(etexcmds)             that some package has redefined \expanded.
(etexcmds)             In the latter case, load this package earlier.
))
("C:\Program Files (x86)\MiKTeX 2.8\tex\generic\oberdiek\pdfescape.sty"
Package: pdfescape 2007/11/11 v1.8 Provides hex, PDF name and string conversion
s (HO)

("C:\Program Files (x86)\MiKTeX 2.8\tex\generic\oberdiek\pdftexcmds.sty"
Package: pdftexcmds 2009/12/12 v0.7 Utility functions of pdfTeX for LuaTeX (HO)


("C:\Program Files (x86)\MiKTeX 2.8\tex\generic\oberdiek\ifluatex.sty"
Package: ifluatex 2009/04/17 v1.2 Provides the ifluatex switch (HO)
Package ifluatex Info: LuaTeX not detected.
)
("C:\Program Files (x86)\MiKTeX 2.8\tex\generic\oberdiek\ltxcmds.sty"
Package: ltxcmds 2010/01/28 v1.2 LaTeX kernel commands for general use (HO)
)
Package pdftexcmds Info: LuaTeX not detected.
Package pdftexcmds Info: \pdf@primitive is available.
Package pdftexcmds Info: \pdf@ifprimitive is available.
))
("C:\Program Files (x86)\MiKTeX 2.8\tex\latex\ifxetex\ifxetex.sty"
Package: ifxetex 2009/01/23 v0.5 Provides ifxetex conditional
)
("C:\Program Files (x86)\MiKTeX 2.8\tex\latex\oberdiek\hycolor.sty"
Package: hycolor 2009/12/12 v1.6 Color options of hyperref/bookmark (HO)

("C:\Program Files (x86)\MiKTeX 2.8\tex\latex\oberdiek\xcolor-patch.sty"
Package: xcolor-patch 2009/12/12 xcolor patch
))
("C:\Program Files (x86)\MiKTeX 2.8\tex\latex\oberdiek\letltxmacro.sty"
Package: letltxmacro 2008/06/24 v1.3 Let assignment for LaTeX macros (HO)
)
\@linkdim=\dimen126
\Hy@linkcounter=\count106
\Hy@pagecounter=\count107

("C:\Program Files (x86)\MiKTeX 2.8\tex\latex\hyperref\pd1enc.def"
File: pd1enc.def 2010/02/08 v6.80e Hyperref: PDFDocEncoding definition (HO)
)
("C:\Program Files (x86)\MiKTeX 2.8\tex\generic\oberdiek\intcalc.sty"
Package: intcalc 2007/09/27 v1.1 Expandable integer calculations (HO)
)
("C:\Program Files (x86)\MiKTeX 2.8\tex\latex\00miktex\hyperref.cfg"
File: hyperref.cfg 2002/06/06 v1.2 hyperref configuration of TeXLive
)
("C:\Program Files (x86)\MiKTeX 2.8\tex\latex\oberdiek\kvoptions.sty"
Package: kvoptions 2009/12/08 v3.6 Keyval support for LaTeX options (HO)
)
Package hyperref Info: Option `colorlinks' set `true' on input line 3215.
Package hyperref Info: Hyper figures OFF on input line 3296.
Package hyperref Info: Link nesting OFF on input line 3301.
Package hyperref Info: Hyper index ON on input line 3304.
Package hyperref Info: Plain pages OFF on input line 3311.
Package hyperref Info: Backreferencing ON on input line 3314.

Implicit mode ON; LaTeX internals redefined
Package hyperref Info: Bookmarks ON on input line 3512.
("C:\Program Files (x86)\MiKTeX 2.8\tex\latex\hyperref\backref.sty"
Package: backref 2010/01/25 v1.34 Bibliographical back referencing

("C:\Program Files (x86)\MiKTeX 2.8\tex\latex\oberdiek\rerunfilecheck.sty"
Package: rerunfilecheck 2010/01/25 v1.3 Rerun checks for auxiliary files (HO)

("C:\Program Files (x86)\MiKTeX 2.8\tex\latex\oberdiek\atveryend.sty"
Package: atveryend 2010/01/25 v1.4 Hooks at very end of document (HO)
Package atveryend Info: \enddocument detected (standard).
)
("C:\Program Files (x86)\MiKTeX 2.8\tex\generic\oberdiek\uniquecounter.sty"
Package: uniquecounter 2009/12/18 v1.1 Provides unlimited unique counter (HO)

("C:\Program Files (x86)\MiKTeX 2.8\tex\generic\oberdiek\bigintcalc.sty"
Package: bigintcalc 2007/11/11 v1.1 Expandable big integer calculations (HO)
))
Package uniquecounter Info: New unique counter `rerunfilecheck' on input line 2
70.
))
("C:\Program Files (x86)\MiKTeX 2.8\tex\latex\ltxmisc\url.sty"
\Urlmuskip=\muskip11
Package: url 2006/04/12  ver 3.3  Verb mode for urls, etc.
)
LaTeX Info: Redefining \url on input line 3749.

("C:\Program Files (x86)\MiKTeX 2.8\tex\generic\oberdiek\bitset.sty"
Package: bitset 2007/09/28 v1.0 Data type bit set (HO)
)
\Fld@menulength=\count108
\Field@Width=\dimen127
\Fld@charsize=\dimen128
\Field@toks=\toks29
Package hyperref Info: Hyper figures OFF on input line 4708.
Package hyperref Info: Link nesting OFF on input line 4713.
Package hyperref Info: Hyper index ON on input line 4716.
Package hyperref Info: backreferencing ON on input line 4721.
Package hyperref Info: Link coloring ON on input line 4726.
Package hyperref Info: Link coloring with OCG OFF on input line 4733.
Package hyperref Info: PDF/A mode OFF on input line 4738.
LaTeX Info: Redefining \ref on input line 4778.
LaTeX Info: Redefining \pageref on input line 4782.

("C:\Program Files (x86)\MiKTeX 2.8\tex\generic\oberdiek\atbegshi.sty"
Package: atbegshi 2009/12/02 v1.10 At begin shipout hook (HO)
)
\Hy@abspage=\count109
\c@Item=\count110
\c@Hfootnote=\count111
)
*hyperref using default driver hpdftex*
("C:\Program Files (x86)\MiKTeX 2.8\tex\latex\hyperref\hpdftex.def"
File: hpdftex.def 2010/02/08 v6.80e Hyperref driver for pdfTeX
\Fld@listcount=\count112
\c@bookmark@seq@number=\count113
\Hy@SectionHShift=\skip51
)
("C:\Program Files (x86)\MiKTeX 2.8\tex\latex\fancyhdr\fancyhdr.sty"
\fancy@headwidth=\skip52
\f@ncyO@elh=\skip53
\f@ncyO@erh=\skip54
\f@ncyO@olh=\skip55
\f@ncyO@orh=\skip56
\f@ncyO@elf=\skip57
\f@ncyO@erf=\skip58
\f@ncyO@olf=\skip59
\f@ncyO@orf=\skip60
)
("C:\Program Files (x86)\MiKTeX 2.8\tex\latex\multirow\multirow.sty"
\bigstrutjot=\dimen129
)
("C:\Program Files (x86)\MiKTeX 2.8\tex\latex\tools\hhline.sty"
Package: hhline 1994/05/23 v2.03 Table rule package (DPC)
)

Package Fancyhdr Warning: \fancyhead's `E' option without twoside option is use
less on input line 26.


Package Fancyhdr Warning: \fancyhead's `E' option without twoside option is use
less on input line 27.


Package Fancyhdr Warning: \fancyfoot's `E' option without twoside option is use
less on input line 28.

("C:\ProgramData\Homework\CPSC 525\Homework 1\report\hw1.aux"

LaTeX Warning: Label `fig:cones' multiply defined.


LaTeX Warning: Label `sub@fig:cones' multiply defined.


LaTeX Warning: Label `fig:teddy' multiply defined.


LaTeX Warning: Label `sub@fig:teddy' multiply defined.


LaTeX Warning: Label `fig:tsukuba' multiply defined.


LaTeX Warning: Label `sub@fig:tsukuba' multiply defined.


LaTeX Warning: Label `fig:venus' multiply defined.


LaTeX Warning: Label `sub@fig:venus' multiply defined.


LaTeX Warning: Label `fig:rat' multiply defined.

)
LaTeX Font Info:    Checking defaults for OML/cmm/m/it on input line 68.
LaTeX Font Info:    ... okay on input line 68.
LaTeX Font Info:    Checking defaults for T1/cmr/m/n on input line 68.
LaTeX Font Info:    ... okay on input line 68.
LaTeX Font Info:    Checking defaults for OT1/cmr/m/n on input line 68.
LaTeX Font Info:    ... okay on input line 68.
LaTeX Font Info:    Checking defaults for OMS/cmsy/m/n on input line 68.
LaTeX Font Info:    ... okay on input line 68.
LaTeX Font Info:    Checking defaults for OMX/cmex/m/n on input line 68.
LaTeX Font Info:    ... okay on input line 68.
LaTeX Font Info:    Checking defaults for U/cmr/m/n on input line 68.
LaTeX Font Info:    ... okay on input line 68.
LaTeX Font Info:    Checking defaults for PD1/pdf/m/n on input line 68.
LaTeX Font Info:    ... okay on input line 68.

*geometry auto-detecting driver*
*geometry detected driver: pdftex*
-------------------- Geometry parameters
paper: letterpaper
landscape: --
twocolumn: --
twoside: --
asymmetric: --
h-parts: 42.67912pt, 528.93675pt, 42.67912pt
v-parts: 71.13188pt, 652.70622pt, 71.13188pt
hmarginratio: --
vmarginratio: --
lines: --
heightrounded: --
bindingoffset: 0.0pt
truedimen: --
includehead: --
includefoot: --
includemp: --
driver: pdftex
-------------------- Page layout dimensions and switches
\paperwidth  614.295pt
\paperheight 794.96999pt
\textwidth  528.93675pt
\textheight 652.70622pt
\oddsidemargin  -29.59087pt
\evensidemargin -29.59087pt
\topmargin  -38.1381pt
\headheight 12.0pt
\headsep    25.0pt
\footskip   30.0pt
\marginparwidth 44.0pt
\marginparsep   10.0pt
\columnsep  10.0pt
\skip\footins  10.8pt plus 4.0pt minus 2.0pt
\hoffset 0.0pt
\voffset 0.0pt
\mag 1000

(1in=72.27pt, 1cm=28.45pt)
-----------------------
("C:\Program Files (x86)\MiKTeX 2.8\tex\context\base\supp-pdf.tex"
[Loading MPS to PDF converter (version 2006.09.02).]
\scratchcounter=\count114
\scratchdimen=\dimen130
\scratchbox=\box28
\nofMPsegments=\count115
\nofMParguments=\count116
\everyMPshowfont=\toks30
\MPscratchCnt=\count117
\MPscratchDim=\dimen131
\MPnumerator=\count118
\everyMPtoPDFconversion=\toks31
)
Package caption Info: Begin \AtBeginDocument code.
Package caption Info: hyperref package is loaded.
Package caption Info: End \AtBeginDocument code.
 ("C:\Program Files (x86)\MiKTeX 2.8\tex\latex\graphics\color.sty"
Package: color 2005/11/14 v1.0j Standard LaTeX Color (DPC)

("C:\Program Files (x86)\MiKTeX 2.8\tex\latex\00miktex\color.cfg"
File: color.cfg 2007/01/18 v1.5 color configuration of teTeX/TeXLive
)
Package color Info: Driver file: pdftex.def on input line 130.
)
Package hyperref Info: Link coloring ON on input line 68.

("C:\Program Files (x86)\MiKTeX 2.8\tex\latex\hyperref\nameref.sty"
Package: nameref 2010/01/25 v2.36 Cross-referencing by name of section

("C:\Program Files (x86)\MiKTeX 2.8\tex\latex\oberdiek\refcount.sty"
Package: refcount 2008/08/11 v3.1 Data extraction from references (HO)
)
("C:\Program Files (x86)\MiKTeX 2.8\tex\generic\oberdiek\gettitlestring.sty"
Package: gettitlestring 2009/12/18 v1.3 Cleanup title references (HO)
)
\c@section@level=\count119
)
LaTeX Info: Redefining \ref on input line 68.
LaTeX Info: Redefining \pageref on input line 68.

("C:\ProgramData\Homework\CPSC 525\Homework 1\report\hw1.out")
("C:\ProgramData\Homework\CPSC 525\Homework 1\report\hw1.out")
\@outlinefile=\write3
\AtBeginShipoutBox=\box29

<./images/conesL.png, id=30, 451.6875pt x 376.40625pt>
File: ./images/conesL.png Graphic file (type png)

<use ./images/conesL.png>
<./images/teddyL.png, id=31, 451.6875pt x 376.40625pt>
File: ./images/teddyL.png Graphic file (type png)

<use ./images/teddyL.png> <./images/tsukubaL.png, id=32, 289.08pt x 216.81pt>
File: ./images/tsukubaL.png Graphic file (type png)

<use ./images/tsukubaL.png>
<./images/venusL.png, id=34, 435.6275pt x 384.43625pt>
File: ./images/venusL.png Graphic file (type png)

<use ./images/venusL.png>
<./images/conesGT.png, id=35, 451.6875pt x 376.40625pt>
File: ./images/conesGT.png Graphic file (type png)

<use ./images/conesGT.png>
<./images/teddyGT.png, id=36, 451.6875pt x 376.40625pt>
File: ./images/teddyGT.png Graphic file (type png)

<use ./images/teddyGT.png>
<./images/tsukubaGT.png, id=37, 385.44pt x 289.08pt>
File: ./images/tsukubaGT.png Graphic file (type png)

<use ./images/tsukubaGT.png>
<./images/venusGT.png, id=38, 435.6275pt x 384.43625pt>
File: ./images/venusGT.png Graphic file (type png)

<use ./images/venusGT.png>
<./images/conesO.png, id=42, 451.6875pt x 376.40625pt>
File: ./images/conesO.png Graphic file (type png)

<use ./images/conesO.png>
<./images/teddyO.png, id=43, 451.6875pt x 376.40625pt>
File: ./images/teddyO.png Graphic file (type png)

<use ./images/teddyO.png> <./images/tsukubaO.png, id=44, 385.44pt x 289.08pt>
File: ./images/tsukubaO.png Graphic file (type png)

<use ./images/tsukubaO.png>
<./images/venusO.png, id=45, 435.6275pt x 384.43625pt>
File: ./images/venusO.png Graphic file (type png)

<use ./images/venusO.png>
LaTeX Font Info:    Try loading font information for U+msa on input line 161.

("C:\Program Files (x86)\MiKTeX 2.8\tex\latex\amsfonts\umsa.fd"
File: umsa.fd 2009/06/22 v3.00 AMS symbols A
)
LaTeX Font Info:    Try loading font information for U+msb on input line 161.

("C:\Program Files (x86)\MiKTeX 2.8\tex\latex\amsfonts\umsb.fd"
File: umsb.fd 2009/06/22 v3.00 AMS symbols B
)

Package Fancyhdr Warning: \headheight is too small (12.0pt): 
 Make it at least 14.49998pt.
 We now make it that large for the rest of the document.
 This may cause the page layout to be inconsistent, however.

[1{C:/ProgramData/MiKTeX/2.8/pdftex/config/pdftex.map}

 <C:/ProgramData/Homework/CPSC 525/Homework 1/report/images/conesL.png (PNG cop
y)> <C:/ProgramData/Homework/CPSC 525/Homework 1/report/images/teddyL.png (PNG 
copy)> <C:/ProgramData/Homework/CPSC 525/Homework 1/report/images/tsukubaL.png>
 <C:/ProgramData/Homework/CPSC 525/Homework 1/report/images/venusL.png (PNG cop
y)> <C:/ProgramData/Homework/CPSC 525/Homework 1/report/images/conesGT.png (PNG
 copy)> <C:/ProgramData/Homework/CPSC 525/Homework 1/report/images/teddyGT.png 
(PNG copy)> <C:/ProgramData/Homework/CPSC 525/Homework 1/report/images/tsukubaG
T.png (PNG copy)> <C:/ProgramData/Homework/CPSC 525/Homework 1/report/images/ve
nusGT.png (PNG copy)> <C:/ProgramData/Homework/CPSC 525/Homework 1/report/image
s/conesO.png (PNG copy)> <C:/ProgramData/Homework/CPSC 525/Homework 1/report/im
ages/teddyO.png (PNG copy)> <C:/ProgramData/Homework/CPSC 525/Homework 1/report
/images/tsukubaO.png (PNG copy)> <C:/ProgramData/Homework/CPSC 525/Homework 1/r
eport/images/venusO.png (PNG copy)>] <./images/fig_w_cones.pdf, id=62, 602.25pt
 x 451.6875pt>
File: ./images/fig_w_cones.pdf Graphic file (type pdf)

<use ./images/fig_w_cones.pdf>
<./images/fig_w_teddy.pdf, id=63, 602.25pt x 451.6875pt>
File: ./images/fig_w_teddy.pdf Graphic file (type pdf)

<use ./images/fig_w_teddy.pdf>
<./images/fig_w_tsukuba.pdf, id=64, 602.25pt x 451.6875pt>
File: ./images/fig_w_tsukuba.pdf Graphic file (type pdf)

<use ./images/fig_w_tsukuba.pdf>
<./images/fig_w_venus.pdf, id=65, 602.25pt x 451.6875pt>
File: ./images/fig_w_venus.pdf Graphic file (type pdf)

<use ./images/fig_w_venus.pdf>
<./images/correct-conesO.png, id=71, 451.6875pt x 376.40625pt>
File: ./images/correct-conesO.png Graphic file (type png)

<use ./images/correct-conesO.png>
<./images/icorrect-conesO.png, id=72, 451.6875pt x 376.40625pt>
File: ./images/icorrect-conesO.png Graphic file (type png)

<use ./images/icorrect-conesO.png>
<./images/correct-teddyO.png, id=73, 451.6875pt x 376.40625pt>
File: ./images/correct-teddyO.png Graphic file (type png)

<use ./images/correct-teddyO.png>
<./images/icorrect-teddyO.png, id=74, 451.6875pt x 376.40625pt>
File: ./images/icorrect-teddyO.png Graphic file (type png)

<use ./images/icorrect-teddyO.png>
<./images/correct-tsukubaO.png, id=75, 385.44pt x 289.08pt>
File: ./images/correct-tsukubaO.png Graphic file (type png)

<use ./images/correct-tsukubaO.png>
<./images/icorrect-tsukubaO.png, id=76, 385.44pt x 289.08pt>
File: ./images/icorrect-tsukubaO.png Graphic file (type png)

<use ./images/icorrect-tsukubaO.png>
<./images/correct-venusO.png, id=77, 435.6275pt x 384.43625pt>
File: ./images/correct-venusO.png Graphic file (type png)

<use ./images/correct-venusO.png>
<./images/icorrect-venusO.png, id=78, 435.6275pt x 384.43625pt>
File: ./images/icorrect-venusO.png Graphic file (type png)

<use ./images/icorrect-venusO.png>

LaTeX Warning: `!h' float specifier changed to `!ht'.

LaTeX Font Info:    Try loading font information for OMS+cmr on input line 251.

("C:\Program Files (x86)\MiKTeX 2.8\tex\latex\base\omscmr.fd"
File: omscmr.fd 1999/05/25 v2.5h Standard LaTeX font definitions
)
LaTeX Font Info:    Font shape `OMS/cmr/m/n' in size <12> not available
(Font)              Font shape `OMS/cmsy/m/n' tried instead on input line 251.
 [2 <C:/ProgramData/Homework/CPSC 525/Homework 1/report/images/fig_w_cones.pdf>
 <C:/ProgramData/Homework/CPSC 525/Homework 1/report/images/fig_w_teddy.pdf> <C
:/ProgramData/Homework/CPSC 525/Homework 1/report/images/fig_w_tsukuba.pdf> <C:
/ProgramData/Homework/CPSC 525/Homework 1/report/images/fig_w_venus.pdf>] [3 <C
:/ProgramData/Homework/CPSC 525/Homework 1/report/images/correct-conesO.png (PN
G copy)> <C:/ProgramData/Homework/CPSC 525/Homework 1/report/images/icorrect-co
nesO.png (PNG copy)> <C:/ProgramData/Homework/CPSC 525/Homework 1/report/images
/correct-teddyO.png (PNG copy)> <C:/ProgramData/Homework/CPSC 525/Homework 1/re
port/images/icorrect-teddyO.png (PNG copy)> <C:/ProgramData/Homework/CPSC 525/H
omework 1/report/images/correct-tsukubaO.png (PNG copy)> <C:/ProgramData/Homewo
rk/CPSC 525/Homework 1/report/images/icorrect-tsukubaO.png (PNG copy)> <C:/Prog
ramData/Homework/CPSC 525/Homework 1/report/images/correct-venusO.png (PNG copy
)> <C:/ProgramData/Homework/CPSC 525/Homework 1/report/images/icorrect-venusO.p
ng (PNG copy)>]
<./images/rat_w_cones.pdf, id=118, 602.25pt x 451.6875pt>
File: ./images/rat_w_cones.pdf Graphic file (type pdf)

<use ./images/rat_w_cones.pdf>
<./images/rat_w_teddy.pdf, id=119, 602.25pt x 451.6875pt>
File: ./images/rat_w_teddy.pdf Graphic file (type pdf)

<use ./images/rat_w_teddy.pdf>
<./images/rat_w_tsukuba.pdf, id=120, 602.25pt x 451.6875pt>
File: ./images/rat_w_tsukuba.pdf Graphic file (type pdf)

<use ./images/rat_w_tsukuba.pdf>
<./images/rat_w_venus.pdf, id=121, 602.25pt x 451.6875pt>
File: ./images/rat_w_venus.pdf Graphic file (type pdf)

<use ./images/rat_w_venus.pdf> [4 <C:/ProgramData/Homework/CPSC 525/Homework 1/
report/images/rat_w_cones.pdf> <C:/ProgramData/Homework/CPSC 525/Homework 1/rep
ort/images/rat_w_teddy.pdf> <C:/ProgramData/Homework/CPSC 525/Homework 1/report
/images/rat_w_tsukuba.pdf> <C:/ProgramData/Homework/CPSC 525/Homework 1/report/
images/rat_w_venus.pdf>]
<./images/ConesO.png, id=157, 451.6875pt x 376.40625pt>
File: ./images/ConesO.png Graphic file (type png)

<use ./images/ConesO.png>
<./images/ConesOcv.png, id=158, 451.6875pt x 376.40625pt>
File: ./images/ConesOcv.png Graphic file (type png)

<use ./images/ConesOcv.png>
<./images/ConesOli.png, id=159, 451.6875pt x 376.40625pt>
File: ./images/ConesOli.png Graphic file (type png)

<use ./images/ConesOli.png> [5 <C:/ProgramData/Homework/CPSC 525/Homework 1/rep
ort/images/ConesO.png (PNG copy)> <C:/ProgramData/Homework/CPSC 525/Homework 1/
report/images/ConesOcv.png (PNG copy)> <C:/ProgramData/Homework/CPSC 525/Homewo
rk 1/report/images/ConesOli.png (PNG copy)>]
<./images/samples2.png, id=166, 772.38562pt x 286.06876pt>
File: ./images/samples2.png Graphic file (type png)

<use ./images/samples2.png>
Overfull \hbox (11.6656pt too wide) in paragraph at lines 349--350
 [][] 
 []

("C:\ProgramData\Homework\CPSC 525\Homework 1\report\hw1.bbl"
("C:\ProgramData\Homework\CPSC 525\Homework 1\report\hw1.brf")
\tf@brf=\write4
)
Package atveryend Info: Empty hook `BeforeClearDocument' on input line 358.
 [6 <C:/ProgramData/Homework/CPSC 525/Homework 1/report/images/samples2.png (PN
G copy)>]
Package atveryend Info: Empty hook `AfterLastShipout' on input line 358.

("C:\ProgramData\Homework\CPSC 525\Homework 1\report\hw1.aux")
Package atveryend Info: Executing hook `AtVeryEndDocument' on input line 358.
Package rerunfilecheck Info: File `hw1.out' has not changed.
(rerunfilecheck)             Checksum: 37FF795660DC8BFAAB4D39759DBE0F61;301.
Package rerunfilecheck Info: File `hw1.brf' has not changed.
(rerunfilecheck)             Checksum: 4F0AB3EE836CE452E79E59C3343521B2;103.


LaTeX Warning: There were multiply-defined labels.

 ) 
Here is how much of TeX's memory you used:
 7275 strings out of 495285
 110687 string characters out of 3179851
 188122 words of memory out of 3000000
 10289 multiletter control sequences out of 15000+200000
 11698 words of font info for 44 fonts, out of 3000000 for 9000
 14 hyphenation exceptions out of 8191
 42i,12n,43p,436b,493s stack positions out of 5000i,500n,10000p,200000b,50000s
<C:/Program Files (x86)/MiKTeX 2.8/fonts/type1/public/amsfonts/cm/cmbx12.pfb>
<C:/Program Files (x86)/MiKTeX 2.8/fonts/type1/public/amsfonts/cm/cmmi10.pfb><C
:/Program Files (x86)/MiKTeX 2.8/fonts/type1/public/amsfonts/cm/cmmi12.pfb><C:/
Program Files (x86)/MiKTeX 2.8/fonts/type1/public/amsfonts/cm/cmmi6.pfb><C:/Pro
gram Files (x86)/MiKTeX 2.8/fonts/type1/public/amsfonts/cm/cmmi8.pfb><C:/Progra
m Files (x86)/MiKTeX 2.8/fonts/type1/public/amsfonts/cm/cmr10.pfb><C:/Program F
iles (x86)/MiKTeX 2.8/fonts/type1/public/amsfonts/cm/cmr12.pfb><C:/Program File
s (x86)/MiKTeX 2.8/fonts/type1/public/amsfonts/cm/cmr8.pfb><C:/Program Files (x
86)/MiKTeX 2.8/fonts/type1/public/amsfonts/cm/cmsy10.pfb><C:/Program Files (x86
)/MiKTeX 2.8/fonts/type1/public/amsfonts/cm/cmsy8.pfb><C:/Program Files (x86)/M
iKTeX 2.8/fonts/type1/public/amsfonts/cm/cmti12.pfb>
Output written on hw1.pdf (6 pages, 2086022 bytes).
PDF statistics:
 216 PDF objects out of 1000 (max. 8388607)
 24 named destinations out of 1000 (max. 500000)
 209 words of extra memory for PDF output out of 10000 (max. 10000000)

